<?xml version="1.0" encoding="UTF-8"?>
<testng-results skipped="0" failed="2" ignored="0" total="13" passed="11">
  <reporter-output>
  </reporter-output>
  <suite name="Suite" duration-ms="369023" started-at="2019-10-15T07:22:22Z" finished-at="2019-10-15T07:28:31Z">
    <groups>
    </groups>
    <test name="HomePageSearchBoxFunctionality" duration-ms="113040" started-at="2019-10-15T07:22:22Z" finished-at="2019-10-15T07:24:15Z">
      <class name="com.Konakart.KonakartAutomationTesting.testscripts.HomePageSearchBoxFunctionality">
        <test-method status="PASS" signature="intitailizeBrowser()[pri:0, instance:com.Konakart.KonakartAutomationTesting.testscripts.HomePageSearchBoxFunctionality@3cbbc1e0]" name="intitailizeBrowser" is-config="true" duration-ms="9449" started-at="2019-10-15T07:22:22Z" finished-at="2019-10-15T07:22:32Z">
          <reporter-output>
          </reporter-output>
        </test-method> <!-- intitailizeBrowser -->
        <test-method status="PASS" signature="searchBox([Ljava.lang.String;)[pri:1, instance:com.Konakart.KonakartAutomationTesting.testscripts.HomePageSearchBoxFunctionality@3cbbc1e0]" name="searchBox" duration-ms="101608" started-at="2019-10-15T07:22:33Z" data-provider="searchbox" finished-at="2019-10-15T07:24:15Z">
          <params>
            <param index="0">
              <value>
                <![CDATA[[Ljava.lang.String;@3c435123]]>
              </value>
            </param>
          </params>
          <reporter-output>
          </reporter-output>
        </test-method> <!-- searchBox -->
        <test-method status="PASS" signature="tearDown(org.testng.ITestResult)[pri:0, instance:com.Konakart.KonakartAutomationTesting.testscripts.HomePageSearchBoxFunctionality@3cbbc1e0]" name="tearDown" is-config="true" duration-ms="5" started-at="2019-10-15T07:24:15Z" finished-at="2019-10-15T07:24:15Z">
          <params>
            <param index="0">
              <value>
                <![CDATA[[TestResult name=searchBox status=SUCCESS method=HomePageSearchBoxFunctionality.searchBox([Ljava.lang.String;)[pri:1, instance:com.Konakart.KonakartAutomationTesting.testscripts.HomePageSearchBoxFunctionality@3cbbc1e0] output={null}]]]>
              </value>
            </param>
          </params>
          <reporter-output>
          </reporter-output>
        </test-method> <!-- tearDown -->
        <test-method status="PASS" signature="closeDriver()[pri:0, instance:com.Konakart.KonakartAutomationTesting.testscripts.HomePageSearchBoxFunctionality@3cbbc1e0]" name="closeDriver" is-config="true" duration-ms="645" started-at="2019-10-15T07:24:15Z" finished-at="2019-10-15T07:24:15Z">
          <reporter-output>
          </reporter-output>
        </test-method> <!-- closeDriver -->
      </class> <!-- com.Konakart.KonakartAutomationTesting.testscripts.HomePageSearchBoxFunctionality -->
    </test> <!-- HomePageSearchBoxFunctionality -->
    <test name="HeroImageFunctionality" duration-ms="40797" started-at="2019-10-15T07:24:15Z" finished-at="2019-10-15T07:24:56Z">
      <class name="com.Konakart.KonakartAutomationTesting.testscripts.HeroImageFunctionality">
        <test-method status="PASS" signature="intitailizeBrowser()[pri:0, instance:com.Konakart.KonakartAutomationTesting.testscripts.HeroImageFunctionality@32e6e9c3]" name="intitailizeBrowser" is-config="true" duration-ms="4393" started-at="2019-10-15T07:24:15Z" finished-at="2019-10-15T07:24:20Z">
          <reporter-output>
          </reporter-output>
        </test-method> <!-- intitailizeBrowser -->
        <test-method status="PASS" signature="heroImageSelect()[pri:2, instance:com.Konakart.KonakartAutomationTesting.testscripts.HeroImageFunctionality@32e6e9c3]" name="heroImageSelect" duration-ms="6858" started-at="2019-10-15T07:24:20Z" finished-at="2019-10-15T07:24:27Z">
          <reporter-output>
          </reporter-output>
        </test-method> <!-- heroImageSelect -->
        <test-method status="PASS" signature="tearDown(org.testng.ITestResult)[pri:0, instance:com.Konakart.KonakartAutomationTesting.testscripts.HeroImageFunctionality@32e6e9c3]" name="tearDown" is-config="true" duration-ms="1" started-at="2019-10-15T07:24:27Z" finished-at="2019-10-15T07:24:27Z">
          <params>
            <param index="0">
              <value>
                <![CDATA[[TestResult name=heroImageSelect status=SUCCESS method=HeroImageFunctionality.heroImageSelect()[pri:2, instance:com.Konakart.KonakartAutomationTesting.testscripts.HeroImageFunctionality@32e6e9c3] output={null}]]]>
              </value>
            </param>
          </params>
          <reporter-output>
          </reporter-output>
        </test-method> <!-- tearDown -->
        <test-method status="PASS" signature="heroImgContent([Ljava.lang.String;)[pri:3, instance:com.Konakart.KonakartAutomationTesting.testscripts.HeroImageFunctionality@32e6e9c3]" name="heroImgContent" duration-ms="71" started-at="2019-10-15T07:24:27Z" data-provider="heroimage" finished-at="2019-10-15T07:24:27Z">
          <params>
            <param index="0">
              <value>
                <![CDATA[[Ljava.lang.String;@1e392345]]>
              </value>
            </param>
          </params>
          <reporter-output>
          </reporter-output>
        </test-method> <!-- heroImgContent -->
        <test-method status="PASS" signature="tearDown(org.testng.ITestResult)[pri:0, instance:com.Konakart.KonakartAutomationTesting.testscripts.HeroImageFunctionality@32e6e9c3]" name="tearDown" is-config="true" duration-ms="1" started-at="2019-10-15T07:24:27Z" finished-at="2019-10-15T07:24:27Z">
          <params>
            <param index="0">
              <value>
                <![CDATA[[TestResult name=heroImgContent status=SUCCESS method=HeroImageFunctionality.heroImgContent([Ljava.lang.String;)[pri:3, instance:com.Konakart.KonakartAutomationTesting.testscripts.HeroImageFunctionality@32e6e9c3] output={null}]]]>
              </value>
            </param>
          </params>
          <reporter-output>
          </reporter-output>
        </test-method> <!-- tearDown -->
        <test-method status="FAIL" signature="heroImgContent([Ljava.lang.String;)[pri:3, instance:com.Konakart.KonakartAutomationTesting.testscripts.HeroImageFunctionality@32e6e9c3]" name="heroImgContent" duration-ms="840" started-at="2019-10-15T07:24:27Z" data-provider="heroimage" finished-at="2019-10-15T07:24:28Z">
          <params>
            <param index="0">
              <value>
                <![CDATA[[Ljava.lang.String;@24855019]]>
              </value>
            </param>
          </params>
          <exception class="org.openqa.selenium.StaleElementReferenceException">
            <message>
              <![CDATA[Element is no longer valid
For documentation on this error, please visit: https://www.seleniumhq.org/exceptions/stale_element_reference.html
Build info: version: '3.141.59', revision: 'e82be7d358', time: '2018-11-14T08:17:03'
System info: host: 'ATMECSINLT-087', ip: '55.55.52.203', os.name: 'Windows 10', os.arch: 'amd64', os.version: '10.0', java.version: '1.8.0_221'
Driver info: org.openqa.selenium.ie.InternetExplorerDriver
Capabilities {acceptInsecureCerts: false, browserName: internet explorer, browserVersion: 11, javascriptEnabled: true, pageLoadStrategy: normal, platform: WINDOWS, platformName: WINDOWS, proxy: Proxy(), se:ieOptions: {browserAttachTimeout: 0, elementScrollBehavior: 0, enablePersistentHover: true, ie.browserCommandLineSwitches: , ie.ensureCleanSession: false, ie.fileUploadDialogTimeout: 3000, ie.forceCreateProcessApi: false, ignoreProtectedModeSettings: false, ignoreZoomSetting: false, initialBrowserUrl: https://www.konakart.com/ko..., nativeEvents: true, requireWindowFocus: false}, setWindowRect: true, timeouts: {implicit: 0, pageLoad: 300000, script: 30000}}
Session ID: c133cc0b-f075-4081-b51b-078095bbd0f5]]>
            </message>
            <full-stacktrace>
              <![CDATA[org.openqa.selenium.StaleElementReferenceException: Element is no longer valid
For documentation on this error, please visit: https://www.seleniumhq.org/exceptions/stale_element_reference.html
Build info: version: '3.141.59', revision: 'e82be7d358', time: '2018-11-14T08:17:03'
System info: host: 'ATMECSINLT-087', ip: '55.55.52.203', os.name: 'Windows 10', os.arch: 'amd64', os.version: '10.0', java.version: '1.8.0_221'
Driver info: org.openqa.selenium.ie.InternetExplorerDriver
Capabilities {acceptInsecureCerts: false, browserName: internet explorer, browserVersion: 11, javascriptEnabled: true, pageLoadStrategy: normal, platform: WINDOWS, platformName: WINDOWS, proxy: Proxy(), se:ieOptions: {browserAttachTimeout: 0, elementScrollBehavior: 0, enablePersistentHover: true, ie.browserCommandLineSwitches: , ie.ensureCleanSession: false, ie.fileUploadDialogTimeout: 3000, ie.forceCreateProcessApi: false, ignoreProtectedModeSettings: false, ignoreZoomSetting: false, initialBrowserUrl: https://www.konakart.com/ko..., nativeEvents: true, requireWindowFocus: false}, setWindowRect: true, timeouts: {implicit: 0, pageLoad: 300000, script: 30000}}
Session ID: c133cc0b-f075-4081-b51b-078095bbd0f5
at sun.reflect.NativeConstructorAccessorImpl.newInstance0(Native Method)
at sun.reflect.NativeConstructorAccessorImpl.newInstance(NativeConstructorAccessorImpl.java:62)
at sun.reflect.DelegatingConstructorAccessorImpl.newInstance(DelegatingConstructorAccessorImpl.java:45)
at java.lang.reflect.Constructor.newInstance(Constructor.java:423)
at org.openqa.selenium.remote.http.W3CHttpResponseCodec.createException(W3CHttpResponseCodec.java:187)
at org.openqa.selenium.remote.http.W3CHttpResponseCodec.decode(W3CHttpResponseCodec.java:122)
at org.openqa.selenium.remote.http.W3CHttpResponseCodec.decode(W3CHttpResponseCodec.java:49)
at org.openqa.selenium.remote.HttpCommandExecutor.execute(HttpCommandExecutor.java:158)
at org.openqa.selenium.remote.service.DriverCommandExecutor.execute(DriverCommandExecutor.java:83)
at org.openqa.selenium.remote.RemoteWebDriver.execute(RemoteWebDriver.java:552)
at org.openqa.selenium.remote.RemoteWebElement.execute(RemoteWebElement.java:285)
at org.openqa.selenium.remote.RemoteWebElement.getText(RemoteWebElement.java:166)
at com.Konakart.KonakartAutomationTesting.pages.HeroImageFunction.pageDescriptionvalidation(HeroImageFunction.java:72)
at com.Konakart.KonakartAutomationTesting.pages.HeroImageFunction.heroImgContentValidation(HeroImageFunction.java:39)
at com.Konakart.KonakartAutomationTesting.testscripts.HeroImageFunctionality.heroImgContent(HeroImageFunctionality.java:32)
at sun.reflect.NativeMethodAccessorImpl.invoke0(Native Method)
at sun.reflect.NativeMethodAccessorImpl.invoke(NativeMethodAccessorImpl.java:62)
at sun.reflect.DelegatingMethodAccessorImpl.invoke(DelegatingMethodAccessorImpl.java:43)
at java.lang.reflect.Method.invoke(Method.java:498)
at org.testng.internal.MethodInvocationHelper.invokeMethod(MethodInvocationHelper.java:124)
at org.testng.internal.Invoker.invokeMethod(Invoker.java:583)
at org.testng.internal.Invoker.invokeTestMethod(Invoker.java:719)
at org.testng.internal.Invoker.invokeTestMethods(Invoker.java:989)
at org.testng.internal.TestMethodWorker.invokeTestMethods(TestMethodWorker.java:125)
at org.testng.internal.TestMethodWorker.run(TestMethodWorker.java:109)
at org.testng.TestRunner.privateRun(TestRunner.java:648)
at org.testng.TestRunner.run(TestRunner.java:505)
at org.testng.SuiteRunner.runTest(SuiteRunner.java:455)
at org.testng.SuiteRunner.runSequentially(SuiteRunner.java:450)
at org.testng.SuiteRunner.privateRun(SuiteRunner.java:415)
at org.testng.SuiteRunner.run(SuiteRunner.java:364)
at org.testng.SuiteRunnerWorker.runSuite(SuiteRunnerWorker.java:52)
at org.testng.SuiteRunnerWorker.run(SuiteRunnerWorker.java:84)
at org.testng.TestNG.runSuitesSequentially(TestNG.java:1208)
at org.testng.TestNG.runSuitesLocally(TestNG.java:1137)
at org.testng.TestNG.runSuites(TestNG.java:1049)
at org.testng.TestNG.run(TestNG.java:1017)
at org.apache.maven.surefire.testng.TestNGExecutor.run(TestNGExecutor.java:283)
at org.apache.maven.surefire.testng.TestNGXmlTestSuite.execute(TestNGXmlTestSuite.java:75)
at org.apache.maven.surefire.testng.TestNGProvider.invoke(TestNGProvider.java:120)
at org.apache.maven.surefire.booter.ForkedBooter.invokeProviderInSameClassLoader(ForkedBooter.java:384)
at org.apache.maven.surefire.booter.ForkedBooter.runSuitesInProcess(ForkedBooter.java:345)
at org.apache.maven.surefire.booter.ForkedBooter.execute(ForkedBooter.java:126)
at org.apache.maven.surefire.booter.ForkedBooter.main(ForkedBooter.java:418)
]]>
            </full-stacktrace>
          </exception> <!-- org.openqa.selenium.StaleElementReferenceException -->
          <reporter-output>
          </reporter-output>
        </test-method> <!-- heroImgContent -->
        <test-method status="PASS" signature="tearDown(org.testng.ITestResult)[pri:0, instance:com.Konakart.KonakartAutomationTesting.testscripts.HeroImageFunctionality@32e6e9c3]" name="tearDown" is-config="true" duration-ms="521" started-at="2019-10-15T07:24:28Z" finished-at="2019-10-15T07:24:28Z">
          <params>
            <param index="0">
              <value>
                <![CDATA[[TestResult name=heroImgContent status=FAILURE method=HeroImageFunctionality.heroImgContent([Ljava.lang.String;)[pri:3, instance:com.Konakart.KonakartAutomationTesting.testscripts.HeroImageFunctionality@32e6e9c3] output={null}]]]>
              </value>
            </param>
          </params>
          <reporter-output>
          </reporter-output>
        </test-method> <!-- tearDown -->
        <test-method status="FAIL" signature="heroImgSortingDateFunctionality([Ljava.lang.String;)[pri:4, instance:com.Konakart.KonakartAutomationTesting.testscripts.HeroImageFunctionality@32e6e9c3]" name="heroImgSortingDateFunctionality" duration-ms="7234" started-at="2019-10-15T07:24:28Z" data-provider="reviewdropdown" finished-at="2019-10-15T07:24:36Z">
          <params>
            <param index="0">
              <value>
                <![CDATA[[Ljava.lang.String;@6f0628de]]>
              </value>
            </param>
          </params>
          <exception class="java.lang.ArrayIndexOutOfBoundsException">
            <message>
              <![CDATA[1]]>
            </message>
            <full-stacktrace>
              <![CDATA[java.lang.ArrayIndexOutOfBoundsException: 1
at com.Konakart.KonakartAutomationTesting.pages.HeroImageFunction.sortingDateValidation(HeroImageFunction.java:99)
at com.Konakart.KonakartAutomationTesting.testscripts.HeroImageFunctionality.heroImgSortingDateFunctionality(HeroImageFunctionality.java:41)
at sun.reflect.NativeMethodAccessorImpl.invoke0(Native Method)
at sun.reflect.NativeMethodAccessorImpl.invoke(NativeMethodAccessorImpl.java:62)
at sun.reflect.DelegatingMethodAccessorImpl.invoke(DelegatingMethodAccessorImpl.java:43)
at java.lang.reflect.Method.invoke(Method.java:498)
at org.testng.internal.MethodInvocationHelper.invokeMethod(MethodInvocationHelper.java:124)
at org.testng.internal.Invoker.invokeMethod(Invoker.java:583)
at org.testng.internal.Invoker.invokeTestMethod(Invoker.java:719)
at org.testng.internal.Invoker.invokeTestMethods(Invoker.java:989)
at org.testng.internal.TestMethodWorker.invokeTestMethods(TestMethodWorker.java:125)
at org.testng.internal.TestMethodWorker.run(TestMethodWorker.java:109)
at org.testng.TestRunner.privateRun(TestRunner.java:648)
at org.testng.TestRunner.run(TestRunner.java:505)
at org.testng.SuiteRunner.runTest(SuiteRunner.java:455)
at org.testng.SuiteRunner.runSequentially(SuiteRunner.java:450)
at org.testng.SuiteRunner.privateRun(SuiteRunner.java:415)
at org.testng.SuiteRunner.run(SuiteRunner.java:364)
at org.testng.SuiteRunnerWorker.runSuite(SuiteRunnerWorker.java:52)
at org.testng.SuiteRunnerWorker.run(SuiteRunnerWorker.java:84)
at org.testng.TestNG.runSuitesSequentially(TestNG.java:1208)
at org.testng.TestNG.runSuitesLocally(TestNG.java:1137)
at org.testng.TestNG.runSuites(TestNG.java:1049)
at org.testng.TestNG.run(TestNG.java:1017)
at org.apache.maven.surefire.testng.TestNGExecutor.run(TestNGExecutor.java:283)
at org.apache.maven.surefire.testng.TestNGXmlTestSuite.execute(TestNGXmlTestSuite.java:75)
at org.apache.maven.surefire.testng.TestNGProvider.invoke(TestNGProvider.java:120)
at org.apache.maven.surefire.booter.ForkedBooter.invokeProviderInSameClassLoader(ForkedBooter.java:384)
at org.apache.maven.surefire.booter.ForkedBooter.runSuitesInProcess(ForkedBooter.java:345)
at org.apache.maven.surefire.booter.ForkedBooter.execute(ForkedBooter.java:126)
at org.apache.maven.surefire.booter.ForkedBooter.main(ForkedBooter.java:418)
]]>
            </full-stacktrace>
          </exception> <!-- java.lang.ArrayIndexOutOfBoundsException -->
          <reporter-output>
          </reporter-output>
        </test-method> <!-- heroImgSortingDateFunctionality -->
        <test-method status="PASS" signature="tearDown(org.testng.ITestResult)[pri:0, instance:com.Konakart.KonakartAutomationTesting.testscripts.HeroImageFunctionality@32e6e9c3]" name="tearDown" is-config="true" duration-ms="206" started-at="2019-10-15T07:24:36Z" finished-at="2019-10-15T07:24:36Z">
          <params>
            <param index="0">
              <value>
                <![CDATA[[TestResult name=heroImgSortingDateFunctionality status=FAILURE method=HeroImageFunctionality.heroImgSortingDateFunctionality([Ljava.lang.String;)[pri:4, instance:com.Konakart.KonakartAutomationTesting.testscripts.HeroImageFunctionality@32e6e9c3] output={null}]]]>
              </value>
            </param>
          </params>
          <reporter-output>
          </reporter-output>
        </test-method> <!-- tearDown -->
        <test-method status="PASS" signature="heroImgSortingRatingFunctionality([Ljava.lang.String;)[pri:5, instance:com.Konakart.KonakartAutomationTesting.testscripts.HeroImageFunctionality@32e6e9c3]" name="heroImgSortingRatingFunctionality" duration-ms="19572" started-at="2019-10-15T07:24:36Z" data-provider="reviewdropdown" finished-at="2019-10-15T07:24:55Z">
          <params>
            <param index="0">
              <value>
                <![CDATA[[Ljava.lang.String;@12f3afb5]]>
              </value>
            </param>
          </params>
          <reporter-output>
          </reporter-output>
        </test-method> <!-- heroImgSortingRatingFunctionality -->
        <test-method status="PASS" signature="tearDown(org.testng.ITestResult)[pri:0, instance:com.Konakart.KonakartAutomationTesting.testscripts.HeroImageFunctionality@32e6e9c3]" name="tearDown" is-config="true" duration-ms="0" started-at="2019-10-15T07:24:55Z" finished-at="2019-10-15T07:24:55Z">
          <params>
            <param index="0">
              <value>
                <![CDATA[[TestResult name=heroImgSortingRatingFunctionality status=SUCCESS method=HeroImageFunctionality.heroImgSortingRatingFunctionality([Ljava.lang.String;)[pri:5, instance:com.Konakart.KonakartAutomationTesting.testscripts.HeroImageFunctionality@32e6e9c3] output={null}]]]>
              </value>
            </param>
          </params>
          <reporter-output>
          </reporter-output>
        </test-method> <!-- tearDown -->
        <test-method status="PASS" signature="closeDriver()[pri:0, instance:com.Konakart.KonakartAutomationTesting.testscripts.HeroImageFunctionality@32e6e9c3]" name="closeDriver" is-config="true" duration-ms="740" started-at="2019-10-15T07:24:55Z" finished-at="2019-10-15T07:24:56Z">
          <reporter-output>
          </reporter-output>
        </test-method> <!-- closeDriver -->
      </class> <!-- com.Konakart.KonakartAutomationTesting.testscripts.HeroImageFunctionality -->
    </test> <!-- HeroImageFunctionality -->
    <test name="ComuterPeripheralsFunctionality" duration-ms="162125" started-at="2019-10-15T07:24:56Z" finished-at="2019-10-15T07:27:38Z">
      <class name="com.Konakart.KonakartAutomationTesting.testscripts.ComuterPeripheralsFunctionality">
        <test-method status="PASS" signature="intitailizeBrowser()[pri:0, instance:com.Konakart.KonakartAutomationTesting.testscripts.ComuterPeripheralsFunctionality@7921b0a2]" name="intitailizeBrowser" is-config="true" duration-ms="4250" started-at="2019-10-15T07:24:56Z" finished-at="2019-10-15T07:25:00Z">
          <reporter-output>
          </reporter-output>
        </test-method> <!-- intitailizeBrowser -->
        <test-method status="PASS" signature="searchBoxWithoutSearchOption([Ljava.lang.String;)[pri:6, instance:com.Konakart.KonakartAutomationTesting.testscripts.ComuterPeripheralsFunctionality@7921b0a2]" name="searchBoxWithoutSearchOption" duration-ms="75432" started-at="2019-10-15T07:25:01Z" data-provider="graphicsoption" finished-at="2019-10-15T07:26:16Z">
          <params>
            <param index="0">
              <value>
                <![CDATA[[Ljava.lang.String;@7dc51783]]>
              </value>
            </param>
          </params>
          <reporter-output>
          </reporter-output>
        </test-method> <!-- searchBoxWithoutSearchOption -->
        <test-method status="PASS" signature="tearDown(org.testng.ITestResult)[pri:0, instance:com.Konakart.KonakartAutomationTesting.testscripts.ComuterPeripheralsFunctionality@7921b0a2]" name="tearDown" is-config="true" duration-ms="0" started-at="2019-10-15T07:26:16Z" finished-at="2019-10-15T07:26:16Z">
          <params>
            <param index="0">
              <value>
                <![CDATA[[TestResult name=searchBoxWithoutSearchOption status=SUCCESS method=ComuterPeripheralsFunctionality.searchBoxWithoutSearchOption([Ljava.lang.String;)[pri:6, instance:com.Konakart.KonakartAutomationTesting.testscripts.ComuterPeripheralsFunctionality@7921b0a2] output={null}]]]>
              </value>
            </param>
          </params>
          <reporter-output>
          </reporter-output>
        </test-method> <!-- tearDown -->
        <test-method status="PASS" signature="searchBoxWithSearchOption([Ljava.lang.String;)[pri:7, instance:com.Konakart.KonakartAutomationTesting.testscripts.ComuterPeripheralsFunctionality@7921b0a2]" name="searchBoxWithSearchOption" duration-ms="80379" started-at="2019-10-15T07:26:16Z" data-provider="graphicsoption" finished-at="2019-10-15T07:27:36Z">
          <params>
            <param index="0">
              <value>
                <![CDATA[[Ljava.lang.String;@537b32ef]]>
              </value>
            </param>
          </params>
          <reporter-output>
          </reporter-output>
        </test-method> <!-- searchBoxWithSearchOption -->
        <test-method status="PASS" signature="tearDown(org.testng.ITestResult)[pri:0, instance:com.Konakart.KonakartAutomationTesting.testscripts.ComuterPeripheralsFunctionality@7921b0a2]" name="tearDown" is-config="true" duration-ms="0" started-at="2019-10-15T07:27:36Z" finished-at="2019-10-15T07:27:36Z">
          <params>
            <param index="0">
              <value>
                <![CDATA[[TestResult name=searchBoxWithSearchOption status=SUCCESS method=ComuterPeripheralsFunctionality.searchBoxWithSearchOption([Ljava.lang.String;)[pri:7, instance:com.Konakart.KonakartAutomationTesting.testscripts.ComuterPeripheralsFunctionality@7921b0a2] output={null}]]]>
              </value>
            </param>
          </params>
          <reporter-output>
          </reporter-output>
        </test-method> <!-- tearDown -->
        <test-method status="PASS" signature="productDetailsVerify([Ljava.lang.String;)[pri:8, instance:com.Konakart.KonakartAutomationTesting.testscripts.ComuterPeripheralsFunctionality@7921b0a2]" name="productDetailsVerify" duration-ms="1215" started-at="2019-10-15T07:27:36Z" data-provider="product details" finished-at="2019-10-15T07:27:38Z">
          <params>
            <param index="0">
              <value>
                <![CDATA[[Ljava.lang.String;@435ce306]]>
              </value>
            </param>
          </params>
          <reporter-output>
          </reporter-output>
        </test-method> <!-- productDetailsVerify -->
        <test-method status="PASS" signature="tearDown(org.testng.ITestResult)[pri:0, instance:com.Konakart.KonakartAutomationTesting.testscripts.ComuterPeripheralsFunctionality@7921b0a2]" name="tearDown" is-config="true" duration-ms="1" started-at="2019-10-15T07:27:38Z" finished-at="2019-10-15T07:27:38Z">
          <params>
            <param index="0">
              <value>
                <![CDATA[[TestResult name=productDetailsVerify status=SUCCESS method=ComuterPeripheralsFunctionality.productDetailsVerify([Ljava.lang.String;)[pri:8, instance:com.Konakart.KonakartAutomationTesting.testscripts.ComuterPeripheralsFunctionality@7921b0a2] output={null}]]]>
              </value>
            </param>
          </params>
          <reporter-output>
          </reporter-output>
        </test-method> <!-- tearDown -->
        <test-method status="PASS" signature="closeDriver()[pri:0, instance:com.Konakart.KonakartAutomationTesting.testscripts.ComuterPeripheralsFunctionality@7921b0a2]" name="closeDriver" is-config="true" duration-ms="610" started-at="2019-10-15T07:27:38Z" finished-at="2019-10-15T07:27:38Z">
          <reporter-output>
          </reporter-output>
        </test-method> <!-- closeDriver -->
      </class> <!-- com.Konakart.KonakartAutomationTesting.testscripts.ComuterPeripheralsFunctionality -->
    </test> <!-- ComuterPeripheralsFunctionality -->
    <test name="PriceSlideBarFunctionality" duration-ms="52959" started-at="2019-10-15T07:27:38Z" finished-at="2019-10-15T07:28:31Z">
      <class name="com.Konakart.KonakartAutomationTesting.testscripts.PriceSlideBarFunctionality">
        <test-method status="PASS" signature="startReport()[pri:0, instance:com.Konakart.KonakartAutomationTesting.testscripts.PriceSlideBarFunctionality@7c0e2abd]" name="startReport" is-config="true" duration-ms="228" started-at="2019-10-15T07:22:22Z" finished-at="2019-10-15T07:22:22Z">
          <reporter-output>
          </reporter-output>
        </test-method> <!-- startReport -->
        <test-method status="PASS" signature="intitailizeBrowser()[pri:0, instance:com.Konakart.KonakartAutomationTesting.testscripts.PriceSlideBarFunctionality@7c0e2abd]" name="intitailizeBrowser" is-config="true" duration-ms="4310" started-at="2019-10-15T07:27:38Z" finished-at="2019-10-15T07:27:43Z">
          <reporter-output>
          </reporter-output>
        </test-method> <!-- intitailizeBrowser -->
        <test-method status="PASS" signature="priceSlideBar(java.lang.String)[pri:9, instance:com.Konakart.KonakartAutomationTesting.testscripts.PriceSlideBarFunctionality@7c0e2abd]" name="priceSlideBar" duration-ms="11977" started-at="2019-10-15T07:27:43Z" data-provider="priceslidebar" finished-at="2019-10-15T07:27:55Z">
          <params>
            <param index="0">
              <value>
                <![CDATA[25]]>
              </value>
            </param>
          </params>
          <reporter-output>
          </reporter-output>
        </test-method> <!-- priceSlideBar -->
        <test-method status="PASS" signature="tearDown(org.testng.ITestResult)[pri:0, instance:com.Konakart.KonakartAutomationTesting.testscripts.PriceSlideBarFunctionality@7c0e2abd]" name="tearDown" is-config="true" duration-ms="0" started-at="2019-10-15T07:27:55Z" finished-at="2019-10-15T07:27:55Z">
          <params>
            <param index="0">
              <value>
                <![CDATA[[TestResult name=priceSlideBar status=SUCCESS method=PriceSlideBarFunctionality.priceSlideBar(java.lang.String)[pri:9, instance:com.Konakart.KonakartAutomationTesting.testscripts.PriceSlideBarFunctionality@7c0e2abd] output={null}]]]>
              </value>
            </param>
          </params>
          <reporter-output>
          </reporter-output>
        </test-method> <!-- tearDown -->
        <test-method status="PASS" signature="priceSlideBar(java.lang.String)[pri:9, instance:com.Konakart.KonakartAutomationTesting.testscripts.PriceSlideBarFunctionality@7c0e2abd]" name="priceSlideBar" duration-ms="11549" started-at="2019-10-15T07:27:55Z" data-provider="priceslidebar" finished-at="2019-10-15T07:28:06Z">
          <params>
            <param index="0">
              <value>
                <![CDATA[50]]>
              </value>
            </param>
          </params>
          <reporter-output>
          </reporter-output>
        </test-method> <!-- priceSlideBar -->
        <test-method status="PASS" signature="tearDown(org.testng.ITestResult)[pri:0, instance:com.Konakart.KonakartAutomationTesting.testscripts.PriceSlideBarFunctionality@7c0e2abd]" name="tearDown" is-config="true" duration-ms="0" started-at="2019-10-15T07:28:06Z" finished-at="2019-10-15T07:28:06Z">
          <params>
            <param index="0">
              <value>
                <![CDATA[[TestResult name=priceSlideBar status=SUCCESS method=PriceSlideBarFunctionality.priceSlideBar(java.lang.String)[pri:9, instance:com.Konakart.KonakartAutomationTesting.testscripts.PriceSlideBarFunctionality@7c0e2abd] output={null}]]]>
              </value>
            </param>
          </params>
          <reporter-output>
          </reporter-output>
        </test-method> <!-- tearDown -->
        <test-method status="PASS" signature="priceSlideBar(java.lang.String)[pri:9, instance:com.Konakart.KonakartAutomationTesting.testscripts.PriceSlideBarFunctionality@7c0e2abd]" name="priceSlideBar" duration-ms="13009" started-at="2019-10-15T07:28:06Z" data-provider="priceslidebar" finished-at="2019-10-15T07:28:19Z">
          <params>
            <param index="0">
              <value>
                <![CDATA[75]]>
              </value>
            </param>
          </params>
          <reporter-output>
          </reporter-output>
        </test-method> <!-- priceSlideBar -->
        <test-method status="PASS" signature="tearDown(org.testng.ITestResult)[pri:0, instance:com.Konakart.KonakartAutomationTesting.testscripts.PriceSlideBarFunctionality@7c0e2abd]" name="tearDown" is-config="true" duration-ms="1" started-at="2019-10-15T07:28:19Z" finished-at="2019-10-15T07:28:19Z">
          <params>
            <param index="0">
              <value>
                <![CDATA[[TestResult name=priceSlideBar status=SUCCESS method=PriceSlideBarFunctionality.priceSlideBar(java.lang.String)[pri:9, instance:com.Konakart.KonakartAutomationTesting.testscripts.PriceSlideBarFunctionality@7c0e2abd] output={null}]]]>
              </value>
            </param>
          </params>
          <reporter-output>
          </reporter-output>
        </test-method> <!-- tearDown -->
        <test-method status="PASS" signature="priceSlideBar(java.lang.String)[pri:9, instance:com.Konakart.KonakartAutomationTesting.testscripts.PriceSlideBarFunctionality@7c0e2abd]" name="priceSlideBar" duration-ms="11469" started-at="2019-10-15T07:28:19Z" data-provider="priceslidebar" finished-at="2019-10-15T07:28:31Z">
          <params>
            <param index="0">
              <value>
                <![CDATA[100]]>
              </value>
            </param>
          </params>
          <reporter-output>
          </reporter-output>
        </test-method> <!-- priceSlideBar -->
        <test-method status="PASS" signature="tearDown(org.testng.ITestResult)[pri:0, instance:com.Konakart.KonakartAutomationTesting.testscripts.PriceSlideBarFunctionality@7c0e2abd]" name="tearDown" is-config="true" duration-ms="1" started-at="2019-10-15T07:28:31Z" finished-at="2019-10-15T07:28:31Z">
          <params>
            <param index="0">
              <value>
                <![CDATA[[TestResult name=priceSlideBar status=SUCCESS method=PriceSlideBarFunctionality.priceSlideBar(java.lang.String)[pri:9, instance:com.Konakart.KonakartAutomationTesting.testscripts.PriceSlideBarFunctionality@7c0e2abd] output={null}]]]>
              </value>
            </param>
          </params>
          <reporter-output>
          </reporter-output>
        </test-method> <!-- tearDown -->
        <test-method status="PASS" signature="closeDriver()[pri:0, instance:com.Konakart.KonakartAutomationTesting.testscripts.PriceSlideBarFunctionality@7c0e2abd]" name="closeDriver" is-config="true" duration-ms="583" started-at="2019-10-15T07:28:31Z" finished-at="2019-10-15T07:28:31Z">
          <reporter-output>
          </reporter-output>
        </test-method> <!-- closeDriver -->
        <test-method status="PASS" signature="endReport()[pri:0, instance:com.Konakart.KonakartAutomationTesting.testscripts.PriceSlideBarFunctionality@7c0e2abd]" name="endReport" is-config="true" duration-ms="478" started-at="2019-10-15T07:28:31Z" finished-at="2019-10-15T07:28:32Z">
          <reporter-output>
          </reporter-output>
        </test-method> <!-- endReport -->
      </class> <!-- com.Konakart.KonakartAutomationTesting.testscripts.PriceSlideBarFunctionality -->
    </test> <!-- PriceSlideBarFunctionality -->
  </suite> <!-- Suite -->
</testng-results>
