<?xml version="1.0" encoding="UTF-8"?>
<!-- Generated by org.testng.reporters.JUnitXMLReporter -->
<testsuite hostname="ATMECSINLT-087" ignored="0" name="HeroImageFunctionality" tests="5" failures="2" timestamp="15 Oct 2019 07:24:56 GMT" time="40.797" errors="0">
  <testcase name="heroImageSelect" time="6.858" classname="com.Konakart.KonakartAutomationTesting.testscripts.HeroImageFunctionality"/>
  <testcase name="heroImgContent" time="0.071" classname="com.Konakart.KonakartAutomationTesting.testscripts.HeroImageFunctionality"/>
  <testcase name="heroImgContent" time="0.84" classname="com.Konakart.KonakartAutomationTesting.testscripts.HeroImageFunctionality">
    <failure type="org.openqa.selenium.StaleElementReferenceException" message="Element is no longer valid
For documentation on this error, please visit: https://www.seleniumhq.org/exceptions/stale_element_reference.html
Build info: version: &amp;apos;3.141.59&amp;apos;, revision: &amp;apos;e82be7d358&amp;apos;, time: &amp;apos;2018-11-14T08:17:03&amp;apos;
System info: host: &amp;apos;ATMECSINLT-087&amp;apos;, ip: &amp;apos;55.55.52.203&amp;apos;, os.name: &amp;apos;Windows 10&amp;apos;, os.arch: &amp;apos;amd64&amp;apos;, os.version: &amp;apos;10.0&amp;apos;, java.version: &amp;apos;1.8.0_221&amp;apos;
Driver info: org.openqa.selenium.ie.InternetExplorerDriver
Capabilities {acceptInsecureCerts: false, browserName: internet explorer, browserVersion: 11, javascriptEnabled: true, pageLoadStrategy: normal, platform: WINDOWS, platformName: WINDOWS, proxy: Proxy(), se:ieOptions: {browserAttachTimeout: 0, elementScrollBehavior: 0, enablePersistentHover: true, ie.browserCommandLineSwitches: , ie.ensureCleanSession: false, ie.fileUploadDialogTimeout: 3000, ie.forceCreateProcessApi: false, ignoreProtectedModeSettings: false, ignoreZoomSetting: false, initialBrowserUrl: https://www.konakart.com/ko..., nativeEvents: true, requireWindowFocus: false}, setWindowRect: true, timeouts: {implicit: 0, pageLoad: 300000, script: 30000}}
Session ID: c133cc0b-f075-4081-b51b-078095bbd0f5">
      <![CDATA[org.openqa.selenium.StaleElementReferenceException: Element is no longer valid
For documentation on this error, please visit: https://www.seleniumhq.org/exceptions/stale_element_reference.html
Build info: version: '3.141.59', revision: 'e82be7d358', time: '2018-11-14T08:17:03'
System info: host: 'ATMECSINLT-087', ip: '55.55.52.203', os.name: 'Windows 10', os.arch: 'amd64', os.version: '10.0', java.version: '1.8.0_221'
Driver info: org.openqa.selenium.ie.InternetExplorerDriver
Capabilities {acceptInsecureCerts: false, browserName: internet explorer, browserVersion: 11, javascriptEnabled: true, pageLoadStrategy: normal, platform: WINDOWS, platformName: WINDOWS, proxy: Proxy(), se:ieOptions: {browserAttachTimeout: 0, elementScrollBehavior: 0, enablePersistentHover: true, ie.browserCommandLineSwitches: , ie.ensureCleanSession: false, ie.fileUploadDialogTimeout: 3000, ie.forceCreateProcessApi: false, ignoreProtectedModeSettings: false, ignoreZoomSetting: false, initialBrowserUrl: https://www.konakart.com/ko..., nativeEvents: true, requireWindowFocus: false}, setWindowRect: true, timeouts: {implicit: 0, pageLoad: 300000, script: 30000}}
Session ID: c133cc0b-f075-4081-b51b-078095bbd0f5
at org.openqa.selenium.remote.http.W3CHttpResponseCodec.createException(W3CHttpResponseCodec.java:187)
at org.openqa.selenium.remote.http.W3CHttpResponseCodec.decode(W3CHttpResponseCodec.java:122)
at org.openqa.selenium.remote.http.W3CHttpResponseCodec.decode(W3CHttpResponseCodec.java:49)
at org.openqa.selenium.remote.HttpCommandExecutor.execute(HttpCommandExecutor.java:158)
at org.openqa.selenium.remote.service.DriverCommandExecutor.execute(DriverCommandExecutor.java:83)
at org.openqa.selenium.remote.RemoteWebDriver.execute(RemoteWebDriver.java:552)
at org.openqa.selenium.remote.RemoteWebElement.execute(RemoteWebElement.java:285)
at org.openqa.selenium.remote.RemoteWebElement.getText(RemoteWebElement.java:166)
at com.Konakart.KonakartAutomationTesting.pages.HeroImageFunction.pageDescriptionvalidation(HeroImageFunction.java:72)
at com.Konakart.KonakartAutomationTesting.pages.HeroImageFunction.heroImgContentValidation(HeroImageFunction.java:39)
at com.Konakart.KonakartAutomationTesting.testscripts.HeroImageFunctionality.heroImgContent(HeroImageFunctionality.java:32)
... Removed 33 stack frames]]>
    </failure>
  </testcase> <!-- heroImgContent -->
  <testcase name="heroImgSortingDateFunctionality" time="7.234" classname="com.Konakart.KonakartAutomationTesting.testscripts.HeroImageFunctionality">
    <failure type="java.lang.ArrayIndexOutOfBoundsException" message="1">
      <![CDATA[java.lang.ArrayIndexOutOfBoundsException: 1
at com.Konakart.KonakartAutomationTesting.pages.HeroImageFunction.sortingDateValidation(HeroImageFunction.java:99)
at com.Konakart.KonakartAutomationTesting.testscripts.HeroImageFunctionality.heroImgSortingDateFunctionality(HeroImageFunctionality.java:41)
... Removed 29 stack frames]]>
    </failure>
  </testcase> <!-- heroImgSortingDateFunctionality -->
  <testcase name="heroImgSortingRatingFunctionality" time="19.572" classname="com.Konakart.KonakartAutomationTesting.testscripts.HeroImageFunctionality"/>
</testsuite> <!-- HeroImageFunctionality -->
